{"/home/ibrahimabuawad/codefellows/401-js/data-structures-and-algorithms-401/JavaScript/stack-queue-bracket/bracket.js": {"path":"/home/ibrahimabuawad/codefellows/401-js/data-structures-and-algorithms-401/JavaScript/stack-queue-bracket/bracket.js","statementMap":{"0":{"start":{"line":2,"column":4},"end":{"line":4,"column":5}},"1":{"start":{"line":3,"column":6},"end":{"line":3,"column":18}},"2":{"start":{"line":6,"column":16},"end":{"line":6,"column":18}},"3":{"start":{"line":7,"column":14},"end":{"line":11,"column":5}},"4":{"start":{"line":12,"column":4},"end":{"line":21,"column":5}},"5":{"start":{"line":12,"column":17},"end":{"line":12,"column":18}},"6":{"start":{"line":13,"column":6},"end":{"line":20,"column":7}},"7":{"start":{"line":14,"column":8},"end":{"line":14,"column":30}},"8":{"start":{"line":15,"column":13},"end":{"line":20,"column":7}},"9":{"start":{"line":16,"column":18},"end":{"line":16,"column":29}},"10":{"start":{"line":17,"column":8},"end":{"line":19,"column":9}},"11":{"start":{"line":18,"column":10},"end":{"line":18,"column":23}},"12":{"start":{"line":22,"column":4},"end":{"line":24,"column":5}},"13":{"start":{"line":23,"column":6},"end":{"line":23,"column":19}},"14":{"start":{"line":25,"column":4},"end":{"line":25,"column":16}},"15":{"start":{"line":28,"column":2},"end":{"line":28,"column":37}}},"fnMap":{"0":{"name":"bracketValidation","decl":{"start":{"line":1,"column":9},"end":{"line":1,"column":26}},"loc":{"start":{"line":1,"column":35},"end":{"line":26,"column":3}},"line":1}},"branchMap":{"0":{"loc":{"start":{"line":2,"column":4},"end":{"line":4,"column":5}},"type":"if","locations":[{"start":{"line":2,"column":4},"end":{"line":4,"column":5}},{"start":{"line":2,"column":4},"end":{"line":4,"column":5}}],"line":2},"1":{"loc":{"start":{"line":13,"column":6},"end":{"line":20,"column":7}},"type":"if","locations":[{"start":{"line":13,"column":6},"end":{"line":20,"column":7}},{"start":{"line":13,"column":6},"end":{"line":20,"column":7}}],"line":13},"2":{"loc":{"start":{"line":13,"column":10},"end":{"line":13,"column":69}},"type":"binary-expr","locations":[{"start":{"line":13,"column":10},"end":{"line":13,"column":27}},{"start":{"line":13,"column":31},"end":{"line":13,"column":48}},{"start":{"line":13,"column":52},"end":{"line":13,"column":69}}],"line":13},"3":{"loc":{"start":{"line":15,"column":13},"end":{"line":20,"column":7}},"type":"if","locations":[{"start":{"line":15,"column":13},"end":{"line":20,"column":7}},{"start":{"line":15,"column":13},"end":{"line":20,"column":7}}],"line":15},"4":{"loc":{"start":{"line":15,"column":17},"end":{"line":15,"column":76}},"type":"binary-expr","locations":[{"start":{"line":15,"column":17},"end":{"line":15,"column":34}},{"start":{"line":15,"column":38},"end":{"line":15,"column":55}},{"start":{"line":15,"column":59},"end":{"line":15,"column":76}}],"line":15},"5":{"loc":{"start":{"line":17,"column":8},"end":{"line":19,"column":9}},"type":"if","locations":[{"start":{"line":17,"column":8},"end":{"line":19,"column":9}},{"start":{"line":17,"column":8},"end":{"line":19,"column":9}}],"line":17},"6":{"loc":{"start":{"line":22,"column":4},"end":{"line":24,"column":5}},"type":"if","locations":[{"start":{"line":22,"column":4},"end":{"line":24,"column":5}},{"start":{"line":22,"column":4},"end":{"line":24,"column":5}}],"line":22}},"s":{"0":10,"1":3,"2":7,"3":7,"4":7,"5":7,"6":61,"7":18,"8":43,"9":16,"10":16,"11":3,"12":4,"13":0,"14":4,"15":1},"f":{"0":10},"b":{"0":[3,7],"1":[18,43],"2":[61,54,48],"3":[16,27],"4":[43,39,33],"5":[3,13],"6":[0,4]},"_coverageSchema":"1a1c01bbd47fc00a2c39e90264f33305004495a9","hash":"1e5da49b5dcd4c6f05e69ff510de5aa990930fec"}
,"/home/ibrahimabuawad/codefellows/401-js/data-structures-and-algorithms-401/JavaScript/trees/trees.js": {"path":"/home/ibrahimabuawad/codefellows/401-js/data-structures-and-algorithms-401/JavaScript/trees/trees.js","statementMap":{"0":{"start":{"line":3,"column":4},"end":{"line":3,"column":21}},"1":{"start":{"line":4,"column":4},"end":{"line":4,"column":22}},"2":{"start":{"line":5,"column":4},"end":{"line":5,"column":23}},"3":{"start":{"line":13,"column":4},"end":{"line":13,"column":21}},"4":{"start":{"line":19,"column":16},"end":{"line":19,"column":18}},"5":{"start":{"line":20,"column":21},"end":{"line":30,"column":5}},"6":{"start":{"line":21,"column":6},"end":{"line":21,"column":27}},"7":{"start":{"line":23,"column":6},"end":{"line":25,"column":7}},"8":{"start":{"line":24,"column":8},"end":{"line":24,"column":28}},"9":{"start":{"line":27,"column":6},"end":{"line":29,"column":7}},"10":{"start":{"line":28,"column":8},"end":{"line":28,"column":29}},"11":{"start":{"line":32,"column":18},"end":{"line":32,"column":27}},"12":{"start":{"line":33,"column":4},"end":{"line":33,"column":22}},"13":{"start":{"line":35,"column":4},"end":{"line":35,"column":15}},"14":{"start":{"line":40,"column":18},"end":{"line":40,"column":20}},"15":{"start":{"line":42,"column":4},"end":{"line":44,"column":5}},"16":{"start":{"line":43,"column":6},"end":{"line":43,"column":38}},"17":{"start":{"line":46,"column":19},"end":{"line":46,"column":21}},"18":{"start":{"line":48,"column":4},"end":{"line":61,"column":5}},"19":{"start":{"line":49,"column":17},"end":{"line":49,"column":28}},"20":{"start":{"line":50,"column":6},"end":{"line":50,"column":41}},"21":{"start":{"line":52,"column":6},"end":{"line":55,"column":7}},"22":{"start":{"line":54,"column":8},"end":{"line":54,"column":41}},"23":{"start":{"line":57,"column":6},"end":{"line":60,"column":7}},"24":{"start":{"line":58,"column":8},"end":{"line":58,"column":40}},"25":{"start":{"line":63,"column":4},"end":{"line":63,"column":18}},"26":{"start":{"line":68,"column":16},"end":{"line":68,"column":18}},"27":{"start":{"line":70,"column":22},"end":{"line":79,"column":5}},"28":{"start":{"line":71,"column":6},"end":{"line":73,"column":7}},"29":{"start":{"line":72,"column":8},"end":{"line":72,"column":29}},"30":{"start":{"line":75,"column":6},"end":{"line":77,"column":7}},"31":{"start":{"line":76,"column":8},"end":{"line":76,"column":30}},"32":{"start":{"line":78,"column":6},"end":{"line":78,"column":27}},"33":{"start":{"line":81,"column":18},"end":{"line":81,"column":27}},"34":{"start":{"line":82,"column":4},"end":{"line":82,"column":23}},"35":{"start":{"line":84,"column":4},"end":{"line":84,"column":15}},"36":{"start":{"line":91,"column":16},"end":{"line":91,"column":18}},"37":{"start":{"line":93,"column":20},"end":{"line":104,"column":5}},"38":{"start":{"line":95,"column":6},"end":{"line":97,"column":7}},"39":{"start":{"line":96,"column":8},"end":{"line":96,"column":27}},"40":{"start":{"line":99,"column":6},"end":{"line":99,"column":27}},"41":{"start":{"line":101,"column":6},"end":{"line":103,"column":7}},"42":{"start":{"line":102,"column":8},"end":{"line":102,"column":28}},"43":{"start":{"line":106,"column":18},"end":{"line":106,"column":27}},"44":{"start":{"line":107,"column":4},"end":{"line":107,"column":21}},"45":{"start":{"line":109,"column":4},"end":{"line":109,"column":15}},"46":{"start":{"line":113,"column":16},"end":{"line":113,"column":18}},"47":{"start":{"line":114,"column":14},"end":{"line":114,"column":15}},"48":{"start":{"line":115,"column":19},"end":{"line":125,"column":5}},"49":{"start":{"line":116,"column":6},"end":{"line":118,"column":7}},"50":{"start":{"line":117,"column":8},"end":{"line":117,"column":26}},"51":{"start":{"line":120,"column":6},"end":{"line":120,"column":27}},"52":{"start":{"line":122,"column":6},"end":{"line":124,"column":7}},"53":{"start":{"line":123,"column":8},"end":{"line":123,"column":27}},"54":{"start":{"line":127,"column":18},"end":{"line":127,"column":27}},"55":{"start":{"line":128,"column":4},"end":{"line":128,"column":20}},"56":{"start":{"line":130,"column":4},"end":{"line":132,"column":6}},"57":{"start":{"line":131,"column":6},"end":{"line":131,"column":31}},"58":{"start":{"line":131,"column":21},"end":{"line":131,"column":31}},"59":{"start":{"line":134,"column":4},"end":{"line":134,"column":15}},"60":{"start":{"line":139,"column":20},"end":{"line":139,"column":22}},"61":{"start":{"line":141,"column":20},"end":{"line":154,"column":5}},"62":{"start":{"line":142,"column":6},"end":{"line":144,"column":7}},"63":{"start":{"line":143,"column":8},"end":{"line":143,"column":20}},"64":{"start":{"line":146,"column":6},"end":{"line":150,"column":7}},"65":{"start":{"line":147,"column":8},"end":{"line":147,"column":41}},"66":{"start":{"line":149,"column":8},"end":{"line":149,"column":43}},"67":{"start":{"line":152,"column":6},"end":{"line":152,"column":39}},"68":{"start":{"line":153,"column":6},"end":{"line":153,"column":40}},"69":{"start":{"line":156,"column":4},"end":{"line":156,"column":28}},"70":{"start":{"line":158,"column":23},"end":{"line":169,"column":5}},"71":{"start":{"line":160,"column":6},"end":{"line":167,"column":7}},"72":{"start":{"line":160,"column":19},"end":{"line":160,"column":20}},"73":{"start":{"line":161,"column":20},"end":{"line":161,"column":28}},"74":{"start":{"line":162,"column":8},"end":{"line":166,"column":9}},"75":{"start":{"line":163,"column":10},"end":{"line":163,"column":38}},"76":{"start":{"line":165,"column":10},"end":{"line":165,"column":40}},"77":{"start":{"line":168,"column":6},"end":{"line":168,"column":20}},"78":{"start":{"line":171,"column":4},"end":{"line":171,"column":35}},"79":{"start":{"line":197,"column":18},"end":{"line":197,"column":22}},"80":{"start":{"line":198,"column":22},"end":{"line":215,"column":5}},"81":{"start":{"line":200,"column":6},"end":{"line":200,"column":44}},"82":{"start":{"line":200,"column":22},"end":{"line":200,"column":44}},"83":{"start":{"line":201,"column":6},"end":{"line":201,"column":42}},"84":{"start":{"line":201,"column":21},"end":{"line":201,"column":42}},"85":{"start":{"line":203,"column":6},"end":{"line":214,"column":7}},"86":{"start":{"line":204,"column":8},"end":{"line":204,"column":32}},"87":{"start":{"line":206,"column":13},"end":{"line":214,"column":7}},"88":{"start":{"line":207,"column":8},"end":{"line":207,"column":28}},"89":{"start":{"line":209,"column":13},"end":{"line":214,"column":7}},"90":{"start":{"line":210,"column":8},"end":{"line":210,"column":28}},"91":{"start":{"line":213,"column":8},"end":{"line":213,"column":37}},"92":{"start":{"line":217,"column":4},"end":{"line":217,"column":28}},"93":{"start":{"line":219,"column":4},"end":{"line":219,"column":19}},"94":{"start":{"line":232,"column":4},"end":{"line":232,"column":21}},"95":{"start":{"line":236,"column":20},"end":{"line":236,"column":35}},"96":{"start":{"line":237,"column":4},"end":{"line":241,"column":5}},"97":{"start":{"line":238,"column":6},"end":{"line":238,"column":26}},"98":{"start":{"line":240,"column":6},"end":{"line":240,"column":18}},"99":{"start":{"line":243,"column":18},"end":{"line":243,"column":27}},"100":{"start":{"line":244,"column":4},"end":{"line":266,"column":5}},"101":{"start":{"line":245,"column":6},"end":{"line":248,"column":7}},"102":{"start":{"line":247,"column":8},"end":{"line":247,"column":21}},"103":{"start":{"line":250,"column":6},"end":{"line":265,"column":7}},"104":{"start":{"line":251,"column":8},"end":{"line":255,"column":9}},"105":{"start":{"line":252,"column":10},"end":{"line":252,"column":33}},"106":{"start":{"line":254,"column":10},"end":{"line":254,"column":22}},"107":{"start":{"line":256,"column":8},"end":{"line":256,"column":31}},"108":{"start":{"line":259,"column":8},"end":{"line":263,"column":9}},"109":{"start":{"line":260,"column":10},"end":{"line":260,"column":34}},"110":{"start":{"line":262,"column":10},"end":{"line":262,"column":22}},"111":{"start":{"line":264,"column":8},"end":{"line":264,"column":32}},"112":{"start":{"line":270,"column":4},"end":{"line":270,"column":33}},"113":{"start":{"line":270,"column":20},"end":{"line":270,"column":33}},"114":{"start":{"line":272,"column":18},"end":{"line":272,"column":27}},"115":{"start":{"line":273,"column":17},"end":{"line":273,"column":22}},"116":{"start":{"line":274,"column":4},"end":{"line":285,"column":5}},"117":{"start":{"line":275,"column":6},"end":{"line":284,"column":7}},"118":{"start":{"line":276,"column":8},"end":{"line":276,"column":31}},"119":{"start":{"line":279,"column":11},"end":{"line":284,"column":7}},"120":{"start":{"line":280,"column":8},"end":{"line":280,"column":32}},"121":{"start":{"line":283,"column":8},"end":{"line":283,"column":22}},"122":{"start":{"line":287,"column":4},"end":{"line":290,"column":5}},"123":{"start":{"line":289,"column":6},"end":{"line":289,"column":19}},"124":{"start":{"line":292,"column":4},"end":{"line":292,"column":18}},"125":{"start":{"line":299,"column":0},"end":{"line":303,"column":1}}},"fnMap":{"0":{"name":"(anonymous_0)","decl":{"start":{"line":2,"column":2},"end":{"line":2,"column":3}},"loc":{"start":{"line":2,"column":21},"end":{"line":6,"column":3}},"line":2},"1":{"name":"(anonymous_1)","decl":{"start":{"line":12,"column":2},"end":{"line":12,"column":3}},"loc":{"start":{"line":12,"column":16},"end":{"line":14,"column":3}},"line":12},"2":{"name":"(anonymous_2)","decl":{"start":{"line":18,"column":2},"end":{"line":18,"column":3}},"loc":{"start":{"line":18,"column":13},"end":{"line":36,"column":3}},"line":18},"3":{"name":"(anonymous_3)","decl":{"start":{"line":20,"column":21},"end":{"line":20,"column":22}},"loc":{"start":{"line":20,"column":31},"end":{"line":30,"column":5}},"line":20},"4":{"name":"(anonymous_4)","decl":{"start":{"line":39,"column":2},"end":{"line":39,"column":3}},"loc":{"start":{"line":39,"column":22},"end":{"line":64,"column":3}},"line":39},"5":{"name":"(anonymous_5)","decl":{"start":{"line":67,"column":2},"end":{"line":67,"column":3}},"loc":{"start":{"line":67,"column":14},"end":{"line":85,"column":3}},"line":67},"6":{"name":"(anonymous_6)","decl":{"start":{"line":70,"column":22},"end":{"line":70,"column":23}},"loc":{"start":{"line":70,"column":32},"end":{"line":79,"column":5}},"line":70},"7":{"name":"(anonymous_7)","decl":{"start":{"line":90,"column":2},"end":{"line":90,"column":3}},"loc":{"start":{"line":90,"column":12},"end":{"line":110,"column":3}},"line":90},"8":{"name":"(anonymous_8)","decl":{"start":{"line":93,"column":20},"end":{"line":93,"column":21}},"loc":{"start":{"line":93,"column":30},"end":{"line":104,"column":5}},"line":93},"9":{"name":"(anonymous_9)","decl":{"start":{"line":112,"column":2},"end":{"line":112,"column":3}},"loc":{"start":{"line":112,"column":12},"end":{"line":136,"column":3}},"line":112},"10":{"name":"(anonymous_10)","decl":{"start":{"line":115,"column":19},"end":{"line":115,"column":20}},"loc":{"start":{"line":115,"column":29},"end":{"line":125,"column":5}},"line":115},"11":{"name":"(anonymous_11)","decl":{"start":{"line":130,"column":12},"end":{"line":130,"column":13}},"loc":{"start":{"line":130,"column":19},"end":{"line":132,"column":5}},"line":130},"12":{"name":"(anonymous_12)","decl":{"start":{"line":137,"column":2},"end":{"line":137,"column":3}},"loc":{"start":{"line":137,"column":17},"end":{"line":172,"column":3}},"line":137},"13":{"name":"(anonymous_13)","decl":{"start":{"line":141,"column":20},"end":{"line":141,"column":21}},"loc":{"start":{"line":141,"column":38},"end":{"line":154,"column":5}},"line":141},"14":{"name":"(anonymous_14)","decl":{"start":{"line":158,"column":23},"end":{"line":158,"column":24}},"loc":{"start":{"line":158,"column":47},"end":{"line":169,"column":5}},"line":158},"15":{"name":"(anonymous_15)","decl":{"start":{"line":176,"column":2},"end":{"line":176,"column":3}},"loc":{"start":{"line":176,"column":25},"end":{"line":220,"column":3}},"line":176},"16":{"name":"(anonymous_16)","decl":{"start":{"line":198,"column":22},"end":{"line":198,"column":23}},"loc":{"start":{"line":198,"column":32},"end":{"line":215,"column":5}},"line":198},"17":{"name":"(anonymous_17)","decl":{"start":{"line":231,"column":2},"end":{"line":231,"column":3}},"loc":{"start":{"line":231,"column":16},"end":{"line":233,"column":3}},"line":231},"18":{"name":"(anonymous_18)","decl":{"start":{"line":235,"column":2},"end":{"line":235,"column":3}},"loc":{"start":{"line":235,"column":13},"end":{"line":267,"column":3}},"line":235},"19":{"name":"(anonymous_19)","decl":{"start":{"line":269,"column":2},"end":{"line":269,"column":3}},"loc":{"start":{"line":269,"column":18},"end":{"line":293,"column":3}},"line":269}},"branchMap":{"0":{"loc":{"start":{"line":23,"column":6},"end":{"line":25,"column":7}},"type":"if","locations":[{"start":{"line":23,"column":6},"end":{"line":25,"column":7}},{"start":{"line":23,"column":6},"end":{"line":25,"column":7}}],"line":23},"1":{"loc":{"start":{"line":27,"column":6},"end":{"line":29,"column":7}},"type":"if","locations":[{"start":{"line":27,"column":6},"end":{"line":29,"column":7}},{"start":{"line":27,"column":6},"end":{"line":29,"column":7}}],"line":27},"2":{"loc":{"start":{"line":42,"column":4},"end":{"line":44,"column":5}},"type":"if","locations":[{"start":{"line":42,"column":4},"end":{"line":44,"column":5}},{"start":{"line":42,"column":4},"end":{"line":44,"column":5}}],"line":42},"3":{"loc":{"start":{"line":52,"column":6},"end":{"line":55,"column":7}},"type":"if","locations":[{"start":{"line":52,"column":6},"end":{"line":55,"column":7}},{"start":{"line":52,"column":6},"end":{"line":55,"column":7}}],"line":52},"4":{"loc":{"start":{"line":57,"column":6},"end":{"line":60,"column":7}},"type":"if","locations":[{"start":{"line":57,"column":6},"end":{"line":60,"column":7}},{"start":{"line":57,"column":6},"end":{"line":60,"column":7}}],"line":57},"5":{"loc":{"start":{"line":71,"column":6},"end":{"line":73,"column":7}},"type":"if","locations":[{"start":{"line":71,"column":6},"end":{"line":73,"column":7}},{"start":{"line":71,"column":6},"end":{"line":73,"column":7}}],"line":71},"6":{"loc":{"start":{"line":75,"column":6},"end":{"line":77,"column":7}},"type":"if","locations":[{"start":{"line":75,"column":6},"end":{"line":77,"column":7}},{"start":{"line":75,"column":6},"end":{"line":77,"column":7}}],"line":75},"7":{"loc":{"start":{"line":95,"column":6},"end":{"line":97,"column":7}},"type":"if","locations":[{"start":{"line":95,"column":6},"end":{"line":97,"column":7}},{"start":{"line":95,"column":6},"end":{"line":97,"column":7}}],"line":95},"8":{"loc":{"start":{"line":101,"column":6},"end":{"line":103,"column":7}},"type":"if","locations":[{"start":{"line":101,"column":6},"end":{"line":103,"column":7}},{"start":{"line":101,"column":6},"end":{"line":103,"column":7}}],"line":101},"9":{"loc":{"start":{"line":116,"column":6},"end":{"line":118,"column":7}},"type":"if","locations":[{"start":{"line":116,"column":6},"end":{"line":118,"column":7}},{"start":{"line":116,"column":6},"end":{"line":118,"column":7}}],"line":116},"10":{"loc":{"start":{"line":122,"column":6},"end":{"line":124,"column":7}},"type":"if","locations":[{"start":{"line":122,"column":6},"end":{"line":124,"column":7}},{"start":{"line":122,"column":6},"end":{"line":124,"column":7}}],"line":122},"11":{"loc":{"start":{"line":131,"column":6},"end":{"line":131,"column":31}},"type":"if","locations":[{"start":{"line":131,"column":6},"end":{"line":131,"column":31}},{"start":{"line":131,"column":6},"end":{"line":131,"column":31}}],"line":131},"12":{"loc":{"start":{"line":142,"column":6},"end":{"line":144,"column":7}},"type":"if","locations":[{"start":{"line":142,"column":6},"end":{"line":144,"column":7}},{"start":{"line":142,"column":6},"end":{"line":144,"column":7}}],"line":142},"13":{"loc":{"start":{"line":146,"column":6},"end":{"line":150,"column":7}},"type":"if","locations":[{"start":{"line":146,"column":6},"end":{"line":150,"column":7}},{"start":{"line":146,"column":6},"end":{"line":150,"column":7}}],"line":146},"14":{"loc":{"start":{"line":158,"column":31},"end":{"line":158,"column":42}},"type":"default-arg","locations":[{"start":{"line":158,"column":40},"end":{"line":158,"column":42}}],"line":158},"15":{"loc":{"start":{"line":162,"column":8},"end":{"line":166,"column":9}},"type":"if","locations":[{"start":{"line":162,"column":8},"end":{"line":166,"column":9}},{"start":{"line":162,"column":8},"end":{"line":166,"column":9}}],"line":162},"16":{"loc":{"start":{"line":200,"column":6},"end":{"line":200,"column":44}},"type":"if","locations":[{"start":{"line":200,"column":6},"end":{"line":200,"column":44}},{"start":{"line":200,"column":6},"end":{"line":200,"column":44}}],"line":200},"17":{"loc":{"start":{"line":201,"column":6},"end":{"line":201,"column":42}},"type":"if","locations":[{"start":{"line":201,"column":6},"end":{"line":201,"column":42}},{"start":{"line":201,"column":6},"end":{"line":201,"column":42}}],"line":201},"18":{"loc":{"start":{"line":203,"column":6},"end":{"line":214,"column":7}},"type":"if","locations":[{"start":{"line":203,"column":6},"end":{"line":214,"column":7}},{"start":{"line":203,"column":6},"end":{"line":214,"column":7}}],"line":203},"19":{"loc":{"start":{"line":203,"column":10},"end":{"line":203,"column":54}},"type":"binary-expr","locations":[{"start":{"line":203,"column":10},"end":{"line":203,"column":30}},{"start":{"line":203,"column":34},"end":{"line":203,"column":54}}],"line":203},"20":{"loc":{"start":{"line":206,"column":13},"end":{"line":214,"column":7}},"type":"if","locations":[{"start":{"line":206,"column":13},"end":{"line":214,"column":7}},{"start":{"line":206,"column":13},"end":{"line":214,"column":7}}],"line":206},"21":{"loc":{"start":{"line":209,"column":13},"end":{"line":214,"column":7}},"type":"if","locations":[{"start":{"line":209,"column":13},"end":{"line":214,"column":7}},{"start":{"line":209,"column":13},"end":{"line":214,"column":7}}],"line":209},"22":{"loc":{"start":{"line":237,"column":4},"end":{"line":241,"column":5}},"type":"if","locations":[{"start":{"line":237,"column":4},"end":{"line":241,"column":5}},{"start":{"line":237,"column":4},"end":{"line":241,"column":5}}],"line":237},"23":{"loc":{"start":{"line":245,"column":6},"end":{"line":248,"column":7}},"type":"if","locations":[{"start":{"line":245,"column":6},"end":{"line":248,"column":7}},{"start":{"line":245,"column":6},"end":{"line":248,"column":7}}],"line":245},"24":{"loc":{"start":{"line":250,"column":6},"end":{"line":265,"column":7}},"type":"if","locations":[{"start":{"line":250,"column":6},"end":{"line":265,"column":7}},{"start":{"line":250,"column":6},"end":{"line":265,"column":7}}],"line":250},"25":{"loc":{"start":{"line":251,"column":8},"end":{"line":255,"column":9}},"type":"if","locations":[{"start":{"line":251,"column":8},"end":{"line":255,"column":9}},{"start":{"line":251,"column":8},"end":{"line":255,"column":9}}],"line":251},"26":{"loc":{"start":{"line":259,"column":8},"end":{"line":263,"column":9}},"type":"if","locations":[{"start":{"line":259,"column":8},"end":{"line":263,"column":9}},{"start":{"line":259,"column":8},"end":{"line":263,"column":9}}],"line":259},"27":{"loc":{"start":{"line":270,"column":4},"end":{"line":270,"column":33}},"type":"if","locations":[{"start":{"line":270,"column":4},"end":{"line":270,"column":33}},{"start":{"line":270,"column":4},"end":{"line":270,"column":33}}],"line":270},"28":{"loc":{"start":{"line":274,"column":11},"end":{"line":274,"column":29}},"type":"binary-expr","locations":[{"start":{"line":274,"column":11},"end":{"line":274,"column":18}},{"start":{"line":274,"column":22},"end":{"line":274,"column":29}}],"line":274},"29":{"loc":{"start":{"line":275,"column":6},"end":{"line":284,"column":7}},"type":"if","locations":[{"start":{"line":275,"column":6},"end":{"line":284,"column":7}},{"start":{"line":275,"column":6},"end":{"line":284,"column":7}}],"line":275},"30":{"loc":{"start":{"line":279,"column":11},"end":{"line":284,"column":7}},"type":"if","locations":[{"start":{"line":279,"column":11},"end":{"line":284,"column":7}},{"start":{"line":279,"column":11},"end":{"line":284,"column":7}}],"line":279},"31":{"loc":{"start":{"line":287,"column":4},"end":{"line":290,"column":5}},"type":"if","locations":[{"start":{"line":287,"column":4},"end":{"line":290,"column":5}},{"start":{"line":287,"column":4},"end":{"line":290,"column":5}}],"line":287}},"s":{"0":40,"1":40,"2":40,"3":1,"4":2,"5":2,"6":14,"7":14,"8":6,"9":14,"10":6,"11":2,"12":2,"13":2,"14":1,"15":1,"16":1,"17":1,"18":1,"19":3,"20":3,"21":3,"22":1,"23":3,"24":1,"25":1,"26":1,"27":1,"28":3,"29":1,"30":3,"31":1,"32":3,"33":1,"34":1,"35":1,"36":1,"37":1,"38":3,"39":1,"40":3,"41":3,"42":1,"43":1,"44":1,"45":1,"46":1,"47":1,"48":1,"49":5,"50":3,"51":5,"52":5,"53":1,"54":1,"55":1,"56":1,"57":5,"58":3,"59":1,"60":1,"61":1,"62":23,"63":12,"64":11,"65":4,"66":7,"67":11,"68":11,"69":1,"70":1,"71":5,"72":5,"73":15,"74":15,"75":4,"76":11,"77":5,"78":1,"79":1,"80":1,"81":11,"82":5,"83":11,"84":5,"85":11,"86":2,"87":9,"88":2,"89":7,"90":2,"91":5,"92":1,"93":1,"94":0,"95":0,"96":0,"97":0,"98":0,"99":0,"100":0,"101":0,"102":0,"103":0,"104":0,"105":0,"106":0,"107":0,"108":0,"109":0,"110":0,"111":0,"112":0,"113":0,"114":0,"115":0,"116":0,"117":0,"118":0,"119":0,"120":0,"121":0,"122":0,"123":0,"124":0,"125":1},"f":{"0":40,"1":1,"2":2,"3":14,"4":1,"5":1,"6":3,"7":1,"8":3,"9":1,"10":5,"11":5,"12":1,"13":23,"14":5,"15":1,"16":11,"17":0,"18":0,"19":0},"b":{"0":[6,8],"1":[6,8],"2":[1,0],"3":[1,2],"4":[1,2],"5":[1,2],"6":[1,2],"7":[1,2],"8":[1,2],"9":[3,2],"10":[1,4],"11":[3,2],"12":[12,11],"13":[4,7],"14":[1],"15":[4,11],"16":[5,6],"17":[5,6],"18":[2,9],"19":[11,4],"20":[2,7],"21":[2,5],"22":[0,0],"23":[0,0],"24":[0,0],"25":[0,0],"26":[0,0],"27":[0,0],"28":[0,0],"29":[0,0],"30":[0,0],"31":[0,0]},"_coverageSchema":"1a1c01bbd47fc00a2c39e90264f33305004495a9","hash":"35b52dbd845530aa9cb8cd904161247a8e41c783"}
,"/home/ibrahimabuawad/codefellows/401-js/data-structures-and-algorithms-401/JavaScript/zipLists/linked_list.js": {"path":"/home/ibrahimabuawad/codefellows/401-js/data-structures-and-algorithms-401/JavaScript/zipLists/linked_list.js","statementMap":{"0":{"start":{"line":1,"column":26},"end":{"line":1,"column":69}},"1":{"start":{"line":2,"column":20},"end":{"line":2,"column":40}},"2":{"start":{"line":7,"column":16},"end":{"line":7,"column":32}},"3":{"start":{"line":8,"column":17},"end":{"line":8,"column":33}},"4":{"start":{"line":10,"column":12},"end":{"line":10,"column":14}},"5":{"start":{"line":11,"column":12},"end":{"line":11,"column":27}},"6":{"start":{"line":12,"column":16},"end":{"line":12,"column":32}},"7":{"start":{"line":13,"column":16},"end":{"line":13,"column":32}},"8":{"start":{"line":17,"column":2},"end":{"line":23,"column":3}},"9":{"start":{"line":18,"column":4},"end":{"line":18,"column":18}},"10":{"start":{"line":22,"column":4},"end":{"line":22,"column":18}},"11":{"start":{"line":25,"column":2},"end":{"line":48,"column":3}},"12":{"start":{"line":26,"column":4},"end":{"line":26,"column":11}},"13":{"start":{"line":28,"column":4},"end":{"line":46,"column":5}},"14":{"start":{"line":29,"column":6},"end":{"line":29,"column":29}},"15":{"start":{"line":30,"column":6},"end":{"line":30,"column":28}},"16":{"start":{"line":32,"column":11},"end":{"line":46,"column":5}},"17":{"start":{"line":33,"column":6},"end":{"line":33,"column":31}},"18":{"start":{"line":34,"column":6},"end":{"line":34,"column":30}},"19":{"start":{"line":41,"column":6},"end":{"line":41,"column":30}},"20":{"start":{"line":42,"column":6},"end":{"line":42,"column":28}},"21":{"start":{"line":44,"column":6},"end":{"line":44,"column":30}},"22":{"start":{"line":45,"column":6},"end":{"line":45,"column":30}},"23":{"start":{"line":51,"column":2},"end":{"line":55,"column":4}},"24":{"start":{"line":53,"column":4},"end":{"line":53,"column":19}},"25":{"start":{"line":57,"column":2},"end":{"line":57,"column":13}},"26":{"start":{"line":60,"column":0},"end":{"line":60,"column":26}}},"fnMap":{"0":{"name":"zip","decl":{"start":{"line":5,"column":9},"end":{"line":5,"column":12}},"loc":{"start":{"line":5,"column":39},"end":{"line":58,"column":1}},"line":5},"1":{"name":"(anonymous_1)","decl":{"start":{"line":51,"column":10},"end":{"line":51,"column":11}},"loc":{"start":{"line":51,"column":24},"end":{"line":55,"column":3}},"line":51}},"branchMap":{"0":{"loc":{"start":{"line":17,"column":2},"end":{"line":23,"column":3}},"type":"if","locations":[{"start":{"line":17,"column":2},"end":{"line":23,"column":3}},{"start":{"line":17,"column":2},"end":{"line":23,"column":3}}],"line":17},"1":{"loc":{"start":{"line":28,"column":4},"end":{"line":46,"column":5}},"type":"if","locations":[{"start":{"line":28,"column":4},"end":{"line":46,"column":5}},{"start":{"line":28,"column":4},"end":{"line":46,"column":5}}],"line":28},"2":{"loc":{"start":{"line":28,"column":8},"end":{"line":28,"column":44}},"type":"binary-expr","locations":[{"start":{"line":28,"column":8},"end":{"line":28,"column":23}},{"start":{"line":28,"column":27},"end":{"line":28,"column":44}}],"line":28},"3":{"loc":{"start":{"line":32,"column":11},"end":{"line":46,"column":5}},"type":"if","locations":[{"start":{"line":32,"column":11},"end":{"line":46,"column":5}},{"start":{"line":32,"column":11},"end":{"line":46,"column":5}}],"line":32},"4":{"loc":{"start":{"line":32,"column":15},"end":{"line":32,"column":50}},"type":"binary-expr","locations":[{"start":{"line":32,"column":15},"end":{"line":32,"column":30}},{"start":{"line":32,"column":34},"end":{"line":32,"column":50}}],"line":32}},"s":{"0":2,"1":2,"2":4,"3":4,"4":4,"5":4,"6":4,"7":4,"8":4,"9":0,"10":4,"11":4,"12":9,"13":9,"14":2,"15":2,"16":7,"17":0,"18":0,"19":7,"20":7,"21":7,"22":7,"23":4,"24":16,"25":4,"26":2},"f":{"0":4,"1":16},"b":{"0":[0,4],"1":[2,7],"2":[9,6],"3":[0,7],"4":[7,0]},"_coverageSchema":"1a1c01bbd47fc00a2c39e90264f33305004495a9","hash":"76b3d100b2d5390d0c9f8ab306bad6775c4c51d4"}
,"/home/ibrahimabuawad/codefellows/401-js/data-structures-and-algorithms-401/Queues-with-Stack/pseudoQueue.js": {"path":"/home/ibrahimabuawad/codefellows/401-js/data-structures-and-algorithms-401/Queues-with-Stack/pseudoQueue.js","statementMap":{"0":{"start":{"line":3,"column":4},"end":{"line":3,"column":20}},"1":{"start":{"line":7,"column":4},"end":{"line":14,"column":5}},"2":{"start":{"line":8,"column":6},"end":{"line":8,"column":22}},"3":{"start":{"line":9,"column":6},"end":{"line":9,"column":13}},"4":{"start":{"line":11,"column":6},"end":{"line":11,"column":27}},"5":{"start":{"line":12,"column":6},"end":{"line":12,"column":22}},"6":{"start":{"line":13,"column":6},"end":{"line":13,"column":13}},"7":{"start":{"line":18,"column":4},"end":{"line":20,"column":5}},"8":{"start":{"line":19,"column":6},"end":{"line":19,"column":25}},"9":{"start":{"line":21,"column":15},"end":{"line":21,"column":23}},"10":{"start":{"line":22,"column":4},"end":{"line":22,"column":25}},"11":{"start":{"line":23,"column":4},"end":{"line":23,"column":21}},"12":{"start":{"line":24,"column":4},"end":{"line":24,"column":16}},"13":{"start":{"line":28,"column":4},"end":{"line":30,"column":5}},"14":{"start":{"line":29,"column":6},"end":{"line":29,"column":28}},"15":{"start":{"line":31,"column":4},"end":{"line":31,"column":25}},"16":{"start":{"line":37,"column":4},"end":{"line":37,"column":29}},"17":{"start":{"line":38,"column":4},"end":{"line":38,"column":28}},"18":{"start":{"line":41,"column":4},"end":{"line":41,"column":26}},"19":{"start":{"line":42,"column":4},"end":{"line":42,"column":11}},"20":{"start":{"line":47,"column":4},"end":{"line":50,"column":5}},"21":{"start":{"line":48,"column":17},"end":{"line":48,"column":32}},"22":{"start":{"line":49,"column":6},"end":{"line":49,"column":28}},"23":{"start":{"line":51,"column":16},"end":{"line":51,"column":32}},"24":{"start":{"line":52,"column":4},"end":{"line":55,"column":5}},"25":{"start":{"line":53,"column":17},"end":{"line":53,"column":33}},"26":{"start":{"line":54,"column":6},"end":{"line":54,"column":27}},"27":{"start":{"line":56,"column":4},"end":{"line":56,"column":23}},"28":{"start":{"line":60,"column":0},"end":{"line":60,"column":29}}},"fnMap":{"0":{"name":"(anonymous_0)","decl":{"start":{"line":2,"column":2},"end":{"line":2,"column":3}},"loc":{"start":{"line":2,"column":15},"end":{"line":4,"column":3}},"line":2},"1":{"name":"(anonymous_1)","decl":{"start":{"line":6,"column":2},"end":{"line":6,"column":3}},"loc":{"start":{"line":6,"column":12},"end":{"line":15,"column":3}},"line":6},"2":{"name":"(anonymous_2)","decl":{"start":{"line":17,"column":2},"end":{"line":17,"column":3}},"loc":{"start":{"line":17,"column":7},"end":{"line":25,"column":3}},"line":17},"3":{"name":"(anonymous_3)","decl":{"start":{"line":27,"column":2},"end":{"line":27,"column":3}},"loc":{"start":{"line":27,"column":8},"end":{"line":32,"column":3}},"line":27},"4":{"name":"(anonymous_4)","decl":{"start":{"line":36,"column":2},"end":{"line":36,"column":3}},"loc":{"start":{"line":36,"column":15},"end":{"line":39,"column":3}},"line":36},"5":{"name":"(anonymous_5)","decl":{"start":{"line":40,"column":2},"end":{"line":40,"column":3}},"loc":{"start":{"line":40,"column":16},"end":{"line":43,"column":3}},"line":40},"6":{"name":"(anonymous_6)","decl":{"start":{"line":46,"column":2},"end":{"line":46,"column":3}},"loc":{"start":{"line":46,"column":11},"end":{"line":57,"column":3}},"line":46}},"branchMap":{"0":{"loc":{"start":{"line":7,"column":4},"end":{"line":14,"column":5}},"type":"if","locations":[{"start":{"line":7,"column":4},"end":{"line":14,"column":5}},{"start":{"line":7,"column":4},"end":{"line":14,"column":5}}],"line":7},"1":{"loc":{"start":{"line":18,"column":4},"end":{"line":20,"column":5}},"type":"if","locations":[{"start":{"line":18,"column":4},"end":{"line":20,"column":5}},{"start":{"line":18,"column":4},"end":{"line":20,"column":5}}],"line":18},"2":{"loc":{"start":{"line":28,"column":4},"end":{"line":30,"column":5}},"type":"if","locations":[{"start":{"line":28,"column":4},"end":{"line":30,"column":5}},{"start":{"line":28,"column":4},"end":{"line":30,"column":5}}],"line":28}},"s":{"0":4,"1":19,"2":6,"3":6,"4":13,"5":13,"6":13,"7":14,"8":0,"9":14,"10":14,"11":14,"12":14,"13":0,"14":0,"15":0,"16":2,"17":2,"18":7,"19":7,"20":2,"21":7,"22":7,"23":2,"24":2,"25":5,"26":5,"27":2,"28":1},"f":{"0":4,"1":19,"2":14,"3":0,"4":2,"5":7,"6":2},"b":{"0":[6,13],"1":[0,14],"2":[0,0]},"_coverageSchema":"1a1c01bbd47fc00a2c39e90264f33305004495a9","hash":"6a074cee3b71ed0c6cfb6e21f7d73e44434a825d"}
,"/home/ibrahimabuawad/codefellows/401-js/data-structures-and-algorithms-401/Stack-and-Queues/queue.js": {"path":"/home/ibrahimabuawad/codefellows/401-js/data-structures-and-algorithms-401/Stack-and-Queues/queue.js","statementMap":{"0":{"start":{"line":1,"column":13},"end":{"line":1,"column":58}},"1":{"start":{"line":6,"column":4},"end":{"line":6,"column":22}},"2":{"start":{"line":7,"column":4},"end":{"line":7,"column":21}},"3":{"start":{"line":11,"column":15},"end":{"line":11,"column":30}},"4":{"start":{"line":12,"column":4},"end":{"line":18,"column":5}},"5":{"start":{"line":13,"column":6},"end":{"line":13,"column":24}},"6":{"start":{"line":14,"column":6},"end":{"line":14,"column":23}},"7":{"start":{"line":16,"column":6},"end":{"line":16,"column":28}},"8":{"start":{"line":17,"column":6},"end":{"line":17,"column":23}},"9":{"start":{"line":22,"column":4},"end":{"line":24,"column":5}},"10":{"start":{"line":23,"column":6},"end":{"line":23,"column":25}},"11":{"start":{"line":25,"column":18},"end":{"line":25,"column":28}},"12":{"start":{"line":26,"column":4},"end":{"line":26,"column":30}},"13":{"start":{"line":27,"column":4},"end":{"line":27,"column":25}},"14":{"start":{"line":30,"column":4},"end":{"line":32,"column":5}},"15":{"start":{"line":31,"column":6},"end":{"line":31,"column":24}},"16":{"start":{"line":33,"column":4},"end":{"line":33,"column":28}},"17":{"start":{"line":35,"column":4},"end":{"line":39,"column":5}},"18":{"start":{"line":36,"column":6},"end":{"line":36,"column":18}},"19":{"start":{"line":38,"column":6},"end":{"line":38,"column":19}},"20":{"start":{"line":44,"column":0},"end":{"line":44,"column":23}}},"fnMap":{"0":{"name":"(anonymous_0)","decl":{"start":{"line":5,"column":2},"end":{"line":5,"column":3}},"loc":{"start":{"line":5,"column":16},"end":{"line":8,"column":3}},"line":5},"1":{"name":"(anonymous_1)","decl":{"start":{"line":9,"column":2},"end":{"line":9,"column":3}},"loc":{"start":{"line":9,"column":17},"end":{"line":21,"column":3}},"line":9},"2":{"name":"(anonymous_2)","decl":{"start":{"line":21,"column":4},"end":{"line":21,"column":5}},"loc":{"start":{"line":21,"column":14},"end":{"line":28,"column":3}},"line":21},"3":{"name":"(anonymous_3)","decl":{"start":{"line":29,"column":2},"end":{"line":29,"column":3}},"loc":{"start":{"line":29,"column":9},"end":{"line":34,"column":3}},"line":29},"4":{"name":"(anonymous_4)","decl":{"start":{"line":34,"column":4},"end":{"line":34,"column":5}},"loc":{"start":{"line":34,"column":14},"end":{"line":40,"column":3}},"line":34}},"branchMap":{"0":{"loc":{"start":{"line":12,"column":4},"end":{"line":18,"column":5}},"type":"if","locations":[{"start":{"line":12,"column":4},"end":{"line":18,"column":5}},{"start":{"line":12,"column":4},"end":{"line":18,"column":5}}],"line":12},"1":{"loc":{"start":{"line":22,"column":4},"end":{"line":24,"column":5}},"type":"if","locations":[{"start":{"line":22,"column":4},"end":{"line":24,"column":5}},{"start":{"line":22,"column":4},"end":{"line":24,"column":5}}],"line":22},"2":{"loc":{"start":{"line":30,"column":4},"end":{"line":32,"column":5}},"type":"if","locations":[{"start":{"line":30,"column":4},"end":{"line":32,"column":5}},{"start":{"line":30,"column":4},"end":{"line":32,"column":5}}],"line":30},"3":{"loc":{"start":{"line":35,"column":4},"end":{"line":39,"column":5}},"type":"if","locations":[{"start":{"line":35,"column":4},"end":{"line":39,"column":5}},{"start":{"line":35,"column":4},"end":{"line":39,"column":5}}],"line":35}},"s":{"0":1,"1":9,"2":9,"3":15,"4":15,"5":5,"6":5,"7":10,"8":10,"9":6,"10":2,"11":4,"12":4,"13":4,"14":2,"15":1,"16":1,"17":6,"18":2,"19":4,"20":1},"f":{"0":9,"1":15,"2":6,"3":2,"4":6},"b":{"0":[5,10],"1":[2,4],"2":[1,1],"3":[2,4]},"_coverageSchema":"1a1c01bbd47fc00a2c39e90264f33305004495a9","hash":"1c17ebd2a538ae8a5db72d6307e87da426f7b668"}
,"/home/ibrahimabuawad/codefellows/401-js/data-structures-and-algorithms-401/Stack-and-Queues/stack.js": {"path":"/home/ibrahimabuawad/codefellows/401-js/data-structures-and-algorithms-401/Stack-and-Queues/stack.js","statementMap":{"0":{"start":{"line":1,"column":13},"end":{"line":1,"column":58}},"1":{"start":{"line":5,"column":4},"end":{"line":5,"column":20}},"2":{"start":{"line":8,"column":4},"end":{"line":10,"column":5}},"3":{"start":{"line":9,"column":6},"end":{"line":9,"column":24}},"4":{"start":{"line":11,"column":4},"end":{"line":11,"column":26}},"5":{"start":{"line":14,"column":15},"end":{"line":14,"column":30}},"6":{"start":{"line":15,"column":4},"end":{"line":20,"column":5}},"7":{"start":{"line":16,"column":6},"end":{"line":16,"column":22}},"8":{"start":{"line":18,"column":6},"end":{"line":18,"column":27}},"9":{"start":{"line":19,"column":6},"end":{"line":19,"column":22}},"10":{"start":{"line":23,"column":18},"end":{"line":23,"column":26}},"11":{"start":{"line":24,"column":4},"end":{"line":30,"column":5}},"12":{"start":{"line":25,"column":6},"end":{"line":25,"column":30}},"13":{"start":{"line":26,"column":6},"end":{"line":26,"column":29}},"14":{"start":{"line":27,"column":6},"end":{"line":27,"column":21}},"15":{"start":{"line":29,"column":6},"end":{"line":29,"column":25}},"16":{"start":{"line":33,"column":4},"end":{"line":37,"column":5}},"17":{"start":{"line":34,"column":6},"end":{"line":34,"column":18}},"18":{"start":{"line":36,"column":6},"end":{"line":36,"column":19}},"19":{"start":{"line":41,"column":0},"end":{"line":41,"column":23}}},"fnMap":{"0":{"name":"(anonymous_0)","decl":{"start":{"line":4,"column":2},"end":{"line":4,"column":3}},"loc":{"start":{"line":4,"column":16},"end":{"line":6,"column":3}},"line":4},"1":{"name":"(anonymous_1)","decl":{"start":{"line":7,"column":2},"end":{"line":7,"column":3}},"loc":{"start":{"line":7,"column":9},"end":{"line":12,"column":3}},"line":7},"2":{"name":"(anonymous_2)","decl":{"start":{"line":13,"column":2},"end":{"line":13,"column":3}},"loc":{"start":{"line":13,"column":14},"end":{"line":21,"column":3}},"line":13},"3":{"name":"(anonymous_3)","decl":{"start":{"line":22,"column":2},"end":{"line":22,"column":3}},"loc":{"start":{"line":22,"column":8},"end":{"line":31,"column":3}},"line":22},"4":{"name":"(anonymous_4)","decl":{"start":{"line":32,"column":2},"end":{"line":32,"column":3}},"loc":{"start":{"line":32,"column":12},"end":{"line":38,"column":3}},"line":32}},"branchMap":{"0":{"loc":{"start":{"line":8,"column":4},"end":{"line":10,"column":5}},"type":"if","locations":[{"start":{"line":8,"column":4},"end":{"line":10,"column":5}},{"start":{"line":8,"column":4},"end":{"line":10,"column":5}}],"line":8},"1":{"loc":{"start":{"line":15,"column":4},"end":{"line":20,"column":5}},"type":"if","locations":[{"start":{"line":15,"column":4},"end":{"line":20,"column":5}},{"start":{"line":15,"column":4},"end":{"line":20,"column":5}}],"line":15},"2":{"loc":{"start":{"line":24,"column":4},"end":{"line":30,"column":5}},"type":"if","locations":[{"start":{"line":24,"column":4},"end":{"line":30,"column":5}},{"start":{"line":24,"column":4},"end":{"line":30,"column":5}}],"line":24},"3":{"loc":{"start":{"line":33,"column":4},"end":{"line":37,"column":5}},"type":"if","locations":[{"start":{"line":33,"column":4},"end":{"line":37,"column":5}},{"start":{"line":33,"column":4},"end":{"line":37,"column":5}}],"line":33}},"s":{"0":1,"1":9,"2":2,"3":1,"4":1,"5":13,"6":13,"7":5,"8":8,"9":8,"10":6,"11":6,"12":4,"13":4,"14":4,"15":2,"16":0,"17":0,"18":0,"19":1},"f":{"0":9,"1":2,"2":13,"3":6,"4":0},"b":{"0":[1,1],"1":[5,8],"2":[4,2],"3":[0,0]},"_coverageSchema":"1a1c01bbd47fc00a2c39e90264f33305004495a9","hash":"2d14ad774cf81b0ab736068f380264be127e2d61"}
,"/home/ibrahimabuawad/codefellows/401-js/data-structures-and-algorithms-401/animal_shelter/animal-shelter.js": {"path":"/home/ibrahimabuawad/codefellows/401-js/data-structures-and-algorithms-401/animal_shelter/animal-shelter.js","statementMap":{"0":{"start":{"line":5,"column":4},"end":{"line":5,"column":17}},"1":{"start":{"line":10,"column":4},"end":{"line":10,"column":22}},"2":{"start":{"line":14,"column":4},"end":{"line":27,"column":5}},"3":{"start":{"line":15,"column":6},"end":{"line":15,"column":19}},"4":{"start":{"line":17,"column":14},"end":{"line":17,"column":15}},"5":{"start":{"line":18,"column":6},"end":{"line":18,"column":46}},"6":{"start":{"line":19,"column":6},"end":{"line":22,"column":7}},"7":{"start":{"line":21,"column":8},"end":{"line":21,"column":12}},"8":{"start":{"line":23,"column":18},"end":{"line":23,"column":28}},"9":{"start":{"line":24,"column":6},"end":{"line":24,"column":27}},"10":{"start":{"line":26,"column":6},"end":{"line":26,"column":19}},"11":{"start":{"line":31,"column":0},"end":{"line":31,"column":31}}},"fnMap":{"0":{"name":"(anonymous_0)","decl":{"start":{"line":4,"column":2},"end":{"line":4,"column":3}},"loc":{"start":{"line":4,"column":15},"end":{"line":6,"column":3}},"line":4},"1":{"name":"(anonymous_1)","decl":{"start":{"line":8,"column":2},"end":{"line":8,"column":3}},"loc":{"start":{"line":8,"column":14},"end":{"line":11,"column":3}},"line":8},"2":{"name":"(anonymous_2)","decl":{"start":{"line":13,"column":2},"end":{"line":13,"column":3}},"loc":{"start":{"line":13,"column":15},"end":{"line":28,"column":3}},"line":13}},"branchMap":{"0":{"loc":{"start":{"line":14,"column":4},"end":{"line":27,"column":5}},"type":"if","locations":[{"start":{"line":14,"column":4},"end":{"line":27,"column":5}},{"start":{"line":14,"column":4},"end":{"line":27,"column":5}}],"line":14},"1":{"loc":{"start":{"line":14,"column":7},"end":{"line":14,"column":39}},"type":"binary-expr","locations":[{"start":{"line":14,"column":7},"end":{"line":14,"column":21}},{"start":{"line":14,"column":25},"end":{"line":14,"column":39}}],"line":14},"2":{"loc":{"start":{"line":19,"column":12},"end":{"line":19,"column":69}},"type":"binary-expr","locations":[{"start":{"line":19,"column":12},"end":{"line":19,"column":47}},{"start":{"line":19,"column":51},"end":{"line":19,"column":69}}],"line":19}},"s":{"0":5,"1":20,"2":4,"3":2,"4":2,"5":2,"6":2,"7":1,"8":2,"9":2,"10":2,"11":1},"f":{"0":5,"1":20,"2":4},"b":{"0":[2,2],"1":[4,3],"2":[3,1]},"_coverageSchema":"1a1c01bbd47fc00a2c39e90264f33305004495a9","hash":"e40ae1f46f3157991bf894c1079e905369c63480"}
,"/home/ibrahimabuawad/codefellows/401-js/data-structures-and-algorithms-401/data-structure/linked_list.js": {"path":"/home/ibrahimabuawad/codefellows/401-js/data-structures-and-algorithms-401/data-structure/linked_list.js","statementMap":{"0":{"start":{"line":5,"column":4},"end":{"line":5,"column":23}},"1":{"start":{"line":6,"column":4},"end":{"line":6,"column":21}},"2":{"start":{"line":13,"column":4},"end":{"line":13,"column":21}},"3":{"start":{"line":14,"column":4},"end":{"line":14,"column":18}},"4":{"start":{"line":18,"column":4},"end":{"line":20,"column":5}},"5":{"start":{"line":19,"column":6},"end":{"line":19,"column":34}},"6":{"start":{"line":21,"column":4},"end":{"line":21,"column":43}},"7":{"start":{"line":22,"column":4},"end":{"line":22,"column":30}},"8":{"start":{"line":26,"column":18},"end":{"line":26,"column":27}},"9":{"start":{"line":27,"column":4},"end":{"line":29,"column":5}},"10":{"start":{"line":28,"column":6},"end":{"line":28,"column":59}},"11":{"start":{"line":30,"column":4},"end":{"line":32,"column":5}},"12":{"start":{"line":31,"column":6},"end":{"line":31,"column":45}},"13":{"start":{"line":33,"column":4},"end":{"line":38,"column":5}},"14":{"start":{"line":34,"column":6},"end":{"line":36,"column":7}},"15":{"start":{"line":35,"column":8},"end":{"line":35,"column":20}},"16":{"start":{"line":37,"column":6},"end":{"line":37,"column":29}},"17":{"start":{"line":39,"column":4},"end":{"line":39,"column":17}},"18":{"start":{"line":43,"column":18},"end":{"line":43,"column":27}},"19":{"start":{"line":44,"column":4},"end":{"line":46,"column":5}},"20":{"start":{"line":45,"column":6},"end":{"line":45,"column":45}},"21":{"start":{"line":47,"column":19},"end":{"line":47,"column":21}},"22":{"start":{"line":48,"column":4},"end":{"line":51,"column":5}},"23":{"start":{"line":49,"column":6},"end":{"line":49,"column":45}},"24":{"start":{"line":50,"column":6},"end":{"line":50,"column":29}},"25":{"start":{"line":52,"column":4},"end":{"line":52,"column":30}},"26":{"start":{"line":55,"column":18},"end":{"line":55,"column":27}},"27":{"start":{"line":56,"column":4},"end":{"line":65,"column":5}},"28":{"start":{"line":57,"column":6},"end":{"line":57,"column":34}},"29":{"start":{"line":58,"column":6},"end":{"line":58,"column":32}},"30":{"start":{"line":60,"column":6},"end":{"line":62,"column":7}},"31":{"start":{"line":61,"column":8},"end":{"line":61,"column":31}},"32":{"start":{"line":63,"column":6},"end":{"line":63,"column":37}},"33":{"start":{"line":64,"column":6},"end":{"line":64,"column":32}},"34":{"start":{"line":68,"column":18},"end":{"line":68,"column":27}},"35":{"start":{"line":69,"column":4},"end":{"line":79,"column":5}},"36":{"start":{"line":70,"column":6},"end":{"line":70,"column":25}},"37":{"start":{"line":72,"column":6},"end":{"line":74,"column":7}},"38":{"start":{"line":73,"column":8},"end":{"line":73,"column":31}},"39":{"start":{"line":75,"column":17},"end":{"line":75,"column":32}},"40":{"start":{"line":76,"column":6},"end":{"line":76,"column":31}},"41":{"start":{"line":77,"column":6},"end":{"line":77,"column":26}},"42":{"start":{"line":78,"column":6},"end":{"line":78,"column":32}},"43":{"start":{"line":82,"column":18},"end":{"line":82,"column":27}},"44":{"start":{"line":83,"column":4},"end":{"line":85,"column":5}},"45":{"start":{"line":84,"column":6},"end":{"line":84,"column":29}},"46":{"start":{"line":86,"column":15},"end":{"line":86,"column":30}},"47":{"start":{"line":87,"column":4},"end":{"line":87,"column":29}},"48":{"start":{"line":88,"column":4},"end":{"line":88,"column":24}},"49":{"start":{"line":89,"column":4},"end":{"line":89,"column":30}},"50":{"start":{"line":92,"column":22},"end":{"line":92,"column":31}},"51":{"start":{"line":93,"column":16},"end":{"line":93,"column":29}},"52":{"start":{"line":94,"column":4},"end":{"line":100,"column":5}},"53":{"start":{"line":95,"column":6},"end":{"line":97,"column":7}},"54":{"start":{"line":96,"column":8},"end":{"line":96,"column":33}},"55":{"start":{"line":98,"column":6},"end":{"line":98,"column":14}},"56":{"start":{"line":99,"column":6},"end":{"line":99,"column":37}},"57":{"start":{"line":101,"column":4},"end":{"line":101,"column":23}},"58":{"start":{"line":107,"column":0},"end":{"line":110,"column":2}}},"fnMap":{"0":{"name":"(anonymous_0)","decl":{"start":{"line":4,"column":2},"end":{"line":4,"column":3}},"loc":{"start":{"line":4,"column":34},"end":{"line":8,"column":3}},"line":4},"1":{"name":"(anonymous_1)","decl":{"start":{"line":12,"column":2},"end":{"line":12,"column":3}},"loc":{"start":{"line":12,"column":16},"end":{"line":15,"column":3}},"line":12},"2":{"name":"(anonymous_2)","decl":{"start":{"line":17,"column":2},"end":{"line":17,"column":3}},"loc":{"start":{"line":17,"column":16},"end":{"line":23,"column":3}},"line":17},"3":{"name":"(anonymous_3)","decl":{"start":{"line":25,"column":2},"end":{"line":25,"column":3}},"loc":{"start":{"line":25,"column":18},"end":{"line":40,"column":3}},"line":25},"4":{"name":"(anonymous_4)","decl":{"start":{"line":42,"column":2},"end":{"line":42,"column":3}},"loc":{"start":{"line":42,"column":13},"end":{"line":53,"column":3}},"line":42},"5":{"name":"(anonymous_5)","decl":{"start":{"line":54,"column":2},"end":{"line":54,"column":3}},"loc":{"start":{"line":54,"column":16},"end":{"line":66,"column":3}},"line":54},"6":{"name":"(anonymous_6)","decl":{"start":{"line":67,"column":2},"end":{"line":67,"column":3}},"loc":{"start":{"line":67,"column":35},"end":{"line":80,"column":3}},"line":67},"7":{"name":"(anonymous_7)","decl":{"start":{"line":81,"column":2},"end":{"line":81,"column":3}},"loc":{"start":{"line":81,"column":34},"end":{"line":90,"column":3}},"line":81},"8":{"name":"(anonymous_8)","decl":{"start":{"line":91,"column":2},"end":{"line":91,"column":3}},"loc":{"start":{"line":91,"column":16},"end":{"line":102,"column":3}},"line":91}},"branchMap":{"0":{"loc":{"start":{"line":4,"column":21},"end":{"line":4,"column":32}},"type":"default-arg","locations":[{"start":{"line":4,"column":28},"end":{"line":4,"column":32}}],"line":4},"1":{"loc":{"start":{"line":18,"column":4},"end":{"line":20,"column":5}},"type":"if","locations":[{"start":{"line":18,"column":4},"end":{"line":20,"column":5}},{"start":{"line":18,"column":4},"end":{"line":20,"column":5}}],"line":18},"2":{"loc":{"start":{"line":27,"column":4},"end":{"line":29,"column":5}},"type":"if","locations":[{"start":{"line":27,"column":4},"end":{"line":29,"column":5}},{"start":{"line":27,"column":4},"end":{"line":29,"column":5}}],"line":27},"3":{"loc":{"start":{"line":30,"column":4},"end":{"line":32,"column":5}},"type":"if","locations":[{"start":{"line":30,"column":4},"end":{"line":32,"column":5}},{"start":{"line":30,"column":4},"end":{"line":32,"column":5}}],"line":30},"4":{"loc":{"start":{"line":34,"column":6},"end":{"line":36,"column":7}},"type":"if","locations":[{"start":{"line":34,"column":6},"end":{"line":36,"column":7}},{"start":{"line":34,"column":6},"end":{"line":36,"column":7}}],"line":34},"5":{"loc":{"start":{"line":44,"column":4},"end":{"line":46,"column":5}},"type":"if","locations":[{"start":{"line":44,"column":4},"end":{"line":46,"column":5}},{"start":{"line":44,"column":4},"end":{"line":46,"column":5}}],"line":44},"6":{"loc":{"start":{"line":56,"column":4},"end":{"line":65,"column":5}},"type":"if","locations":[{"start":{"line":56,"column":4},"end":{"line":65,"column":5}},{"start":{"line":56,"column":4},"end":{"line":65,"column":5}}],"line":56},"7":{"loc":{"start":{"line":69,"column":4},"end":{"line":79,"column":5}},"type":"if","locations":[{"start":{"line":69,"column":4},"end":{"line":79,"column":5}},{"start":{"line":69,"column":4},"end":{"line":79,"column":5}}],"line":69},"8":{"loc":{"start":{"line":95,"column":6},"end":{"line":97,"column":7}},"type":"if","locations":[{"start":{"line":95,"column":6},"end":{"line":97,"column":7}},{"start":{"line":95,"column":6},"end":{"line":97,"column":7}}],"line":95}},"s":{"0":131,"1":131,"2":30,"3":30,"4":60,"5":0,"6":60,"7":60,"8":3,"9":3,"10":0,"11":3,"12":0,"13":3,"14":9,"15":2,"16":7,"17":1,"18":1,"19":1,"20":0,"21":1,"22":1,"23":3,"24":3,"25":1,"26":29,"27":29,"28":3,"29":3,"30":26,"31":33,"32":26,"33":26,"34":2,"35":2,"36":1,"37":1,"38":1,"39":1,"40":1,"41":1,"42":1,"43":2,"44":2,"45":3,"46":2,"47":2,"48":2,"49":2,"50":5,"51":5,"52":5,"53":15,"54":2,"55":13,"56":13,"57":3,"58":5},"f":{"0":131,"1":30,"2":60,"3":3,"4":1,"5":29,"6":2,"7":2,"8":5},"b":{"0":[71],"1":[0,60],"2":[0,3],"3":[0,3],"4":[2,7],"5":[0,1],"6":[3,26],"7":[1,1],"8":[2,13]},"_coverageSchema":"1a1c01bbd47fc00a2c39e90264f33305004495a9","hash":"8ab32d03fa23de87503bd60e98db9a3fdaeaec87"}
}
