TN:
SF:data-structure/linked_list.js
FN:4,(anonymous_0)
FN:11,(anonymous_1)
FN:16,(anonymous_2)
FN:25,(anonymous_3)
FN:42,(anonymous_4)
FN:56,(anonymous_5)
FN:70,(anonymous_6)
FN:84,(anonymous_7)
FN:95,(anonymous_8)
FNF:9
FNH:9
FNDA:63,(anonymous_0)
FNDA:18,(anonymous_1)
FNDA:57,(anonymous_2)
FNDA:3,(anonymous_3)
FNDA:1,(anonymous_4)
FNDA:3,(anonymous_5)
FNDA:2,(anonymous_6)
FNDA:2,(anonymous_7)
FNDA:5,(anonymous_8)
DA:5,63
DA:6,63
DA:12,18
DA:17,57
DA:18,0
DA:20,57
DA:21,57
DA:22,57
DA:26,3
DA:27,3
DA:28,0
DA:30,3
DA:31,0
DA:33,3
DA:34,9
DA:35,2
DA:37,7
DA:39,1
DA:43,1
DA:44,1
DA:45,0
DA:47,1
DA:48,1
DA:49,3
DA:50,3
DA:52,1
DA:57,3
DA:58,3
DA:59,0
DA:61,3
DA:62,7
DA:64,3
DA:71,2
DA:72,2
DA:73,1
DA:75,1
DA:76,1
DA:78,1
DA:79,1
DA:80,1
DA:85,2
DA:86,2
DA:87,3
DA:89,2
DA:90,2
DA:91,2
DA:96,5
DA:97,5
DA:98,5
DA:99,17
DA:100,17
DA:102,5
DA:103,5
DA:104,3
DA:106,2
DA:112,1
LF:56
LH:51
BRDA:17,0,0,0
BRDA:17,0,1,57
BRDA:27,1,0,0
BRDA:27,1,1,3
BRDA:30,2,0,0
BRDA:30,2,1,3
BRDA:34,3,0,2
BRDA:34,3,1,7
BRDA:44,4,0,0
BRDA:44,4,1,1
BRDA:58,5,0,0
BRDA:58,5,1,3
BRDA:72,6,0,1
BRDA:72,6,1,1
BRDA:103,7,0,3
BRDA:103,7,1,2
BRDA:103,8,0,5
BRDA:103,8,1,3
BRF:18
BRH:13
end_of_record
