TN:
SF:JavaScript/zipLists/linked_list.js
FN:5,zip
FN:51,(anonymous_1)
FNF:2
FNH:2
FNDA:4,zip
FNDA:16,(anonymous_1)
DA:1,2
DA:2,2
DA:7,4
DA:8,4
DA:10,4
DA:11,4
DA:12,4
DA:13,4
DA:17,4
DA:18,0
DA:22,4
DA:25,4
DA:26,9
DA:28,9
DA:29,2
DA:30,2
DA:32,7
DA:33,0
DA:34,0
DA:41,7
DA:42,7
DA:44,7
DA:45,7
DA:51,4
DA:53,16
DA:57,4
DA:60,2
LF:27
LH:24
BRDA:17,0,0,0
BRDA:17,0,1,4
BRDA:28,1,0,2
BRDA:28,1,1,7
BRDA:28,2,0,9
BRDA:28,2,1,6
BRDA:32,3,0,0
BRDA:32,3,1,7
BRDA:32,4,0,7
BRDA:32,4,1,0
BRF:10
BRH:7
end_of_record
TN:
SF:Queues-with-Stack/pseudoQueue.js
FN:2,(anonymous_0)
FN:6,(anonymous_1)
FN:17,(anonymous_2)
FN:27,(anonymous_3)
FN:36,(anonymous_4)
FN:40,(anonymous_5)
FN:46,(anonymous_6)
FNF:7
FNH:6
FNDA:4,(anonymous_0)
FNDA:19,(anonymous_1)
FNDA:14,(anonymous_2)
FNDA:0,(anonymous_3)
FNDA:2,(anonymous_4)
FNDA:7,(anonymous_5)
FNDA:2,(anonymous_6)
DA:3,4
DA:7,19
DA:8,6
DA:9,6
DA:11,13
DA:12,13
DA:13,13
DA:18,14
DA:19,0
DA:21,14
DA:22,14
DA:23,14
DA:24,14
DA:28,0
DA:29,0
DA:31,0
DA:37,2
DA:38,2
DA:41,7
DA:42,7
DA:47,2
DA:48,7
DA:49,7
DA:51,2
DA:52,2
DA:53,5
DA:54,5
DA:56,2
DA:60,1
LF:29
LH:25
BRDA:7,0,0,6
BRDA:7,0,1,13
BRDA:18,1,0,0
BRDA:18,1,1,14
BRDA:28,2,0,0
BRDA:28,2,1,0
BRF:6
BRH:3
end_of_record
TN:
SF:Stack-and-Queues/queue.js
FN:5,(anonymous_0)
FN:9,(anonymous_1)
FN:21,(anonymous_2)
FN:29,(anonymous_3)
FN:34,(anonymous_4)
FNF:5
FNH:5
FNDA:9,(anonymous_0)
FNDA:15,(anonymous_1)
FNDA:6,(anonymous_2)
FNDA:2,(anonymous_3)
FNDA:6,(anonymous_4)
DA:1,1
DA:6,9
DA:7,9
DA:11,15
DA:12,15
DA:13,5
DA:14,5
DA:16,10
DA:17,10
DA:22,6
DA:23,2
DA:25,4
DA:26,4
DA:27,4
DA:30,2
DA:31,1
DA:33,1
DA:35,6
DA:36,2
DA:38,4
DA:44,1
LF:21
LH:21
BRDA:12,0,0,5
BRDA:12,0,1,10
BRDA:22,1,0,2
BRDA:22,1,1,4
BRDA:30,2,0,1
BRDA:30,2,1,1
BRDA:35,3,0,2
BRDA:35,3,1,4
BRF:8
BRH:8
end_of_record
TN:
SF:Stack-and-Queues/stack.js
FN:4,(anonymous_0)
FN:7,(anonymous_1)
FN:13,(anonymous_2)
FN:22,(anonymous_3)
FN:32,(anonymous_4)
FNF:5
FNH:4
FNDA:9,(anonymous_0)
FNDA:2,(anonymous_1)
FNDA:13,(anonymous_2)
FNDA:6,(anonymous_3)
FNDA:0,(anonymous_4)
DA:1,1
DA:5,9
DA:8,2
DA:9,1
DA:11,1
DA:14,13
DA:15,13
DA:16,5
DA:18,8
DA:19,8
DA:23,6
DA:24,6
DA:25,4
DA:26,4
DA:27,4
DA:29,2
DA:33,0
DA:34,0
DA:36,0
DA:41,1
LF:20
LH:17
BRDA:8,0,0,1
BRDA:8,0,1,1
BRDA:15,1,0,5
BRDA:15,1,1,8
BRDA:24,2,0,4
BRDA:24,2,1,2
BRDA:33,3,0,0
BRDA:33,3,1,0
BRF:8
BRH:6
end_of_record
TN:
SF:animal_shelter/animal-shelter.js
FN:4,(anonymous_0)
FN:8,(anonymous_1)
FN:13,(anonymous_2)
FNF:3
FNH:3
FNDA:5,(anonymous_0)
FNDA:20,(anonymous_1)
FNDA:4,(anonymous_2)
DA:5,5
DA:10,20
DA:14,4
DA:15,2
DA:17,2
DA:18,2
DA:19,2
DA:21,1
DA:23,2
DA:24,2
DA:26,2
DA:31,1
LF:12
LH:12
BRDA:14,0,0,2
BRDA:14,0,1,2
BRDA:14,1,0,4
BRDA:14,1,1,3
BRDA:19,2,0,3
BRDA:19,2,1,1
BRF:6
BRH:6
end_of_record
TN:
SF:data-structure/linked_list.js
FN:4,(anonymous_0)
FN:12,(anonymous_1)
FN:17,(anonymous_2)
FN:25,(anonymous_3)
FN:42,(anonymous_4)
FN:54,(anonymous_5)
FN:67,(anonymous_6)
FN:81,(anonymous_7)
FN:91,(anonymous_8)
FNF:9
FNH:9
FNDA:131,(anonymous_0)
FNDA:30,(anonymous_1)
FNDA:60,(anonymous_2)
FNDA:3,(anonymous_3)
FNDA:1,(anonymous_4)
FNDA:29,(anonymous_5)
FNDA:2,(anonymous_6)
FNDA:2,(anonymous_7)
FNDA:5,(anonymous_8)
DA:5,131
DA:6,131
DA:13,30
DA:14,30
DA:18,60
DA:19,0
DA:21,60
DA:22,60
DA:26,3
DA:27,3
DA:28,0
DA:30,3
DA:31,0
DA:33,3
DA:34,9
DA:35,2
DA:37,7
DA:39,1
DA:43,1
DA:44,1
DA:45,0
DA:47,1
DA:48,1
DA:49,3
DA:50,3
DA:52,1
DA:55,29
DA:56,29
DA:57,3
DA:58,3
DA:60,26
DA:61,33
DA:63,26
DA:64,26
DA:68,2
DA:69,2
DA:70,1
DA:72,1
DA:73,1
DA:75,1
DA:76,1
DA:77,1
DA:78,1
DA:82,2
DA:83,2
DA:84,3
DA:86,2
DA:87,2
DA:88,2
DA:89,2
DA:92,5
DA:93,5
DA:94,5
DA:95,15
DA:96,2
DA:98,13
DA:99,13
DA:101,3
DA:107,5
LF:59
LH:55
BRDA:4,0,0,71
BRDA:18,1,0,0
BRDA:18,1,1,60
BRDA:27,2,0,0
BRDA:27,2,1,3
BRDA:30,3,0,0
BRDA:30,3,1,3
BRDA:34,4,0,2
BRDA:34,4,1,7
BRDA:44,5,0,0
BRDA:44,5,1,1
BRDA:56,6,0,3
BRDA:56,6,1,26
BRDA:69,7,0,1
BRDA:69,7,1,1
BRDA:95,8,0,2
BRDA:95,8,1,13
BRF:17
BRH:13
end_of_record
